AM_C_3_ProjectName/login_portion/testGam/android/build/outputs/logs/manifest-merger-debug-report.txt
-- Merging decision tree log ---
manifest
ADDED from testGam\android\AndroidManifest.xml:2:1-64:12
	package
		ADDED from testGam\android\AndroidManifest.xml:3:11-35
		INJECTED from testGam\android\AndroidManifest.xml
		INJECTED from testGam\android\AndroidManifest.xml
	android:versionName
		INJECTED from testGam\android\AndroidManifest.xml
		INJECTED from testGam\android\AndroidManifest.xml
	xmlns:android
		ADDED from testGam\android\AndroidManifest.xml:2:11-69
	android:versionCode
		INJECTED from testGam\android\AndroidManifest.xml
		INJECTED from testGam\android\AndroidManifest.xml
uses-sdk
ADDED from testGam\android\AndroidManifest.xml:5:5-7:40
MERGED from [com.android.support.constraint:constraint-layout:1.0.2] AndroidManifest.xml:5:5-7:41
	android:targetSdkVersion
		ADDED from testGam\android\AndroidManifest.xml:7:9-38
		INJECTED from testGam\android\AndroidManifest.xml
		INJECTED from testGam\android\AndroidManifest.xml
	android:minSdkVersion
		ADDED from testGam\android\AndroidManifest.xml:6:9-34
		INJECTED from testGam\android\AndroidManifest.xml
		INJECTED from testGam\android\AndroidManifest.xml
uses-permission#android.permission.WRITE_EXTERNAL_STORAGE
ADDED from testGam\android\AndroidManifest.xml:9:5-80
	android:name
		ADDED from testGam\android\AndroidManifest.xml:9:22-78
uses-permission#android.permission.READ_PHONE_STATE
ADDED from testGam\android\AndroidManifest.xml:10:5-74
	android:name
		ADDED from testGam\android\AndroidManifest.xml:10:22-72
uses-permission#android.permission.READ_EXTERNAL_STORAGE
ADDED from testGam\android\AndroidManifest.xml:11:5-79
	android:name
		ADDED from testGam\android\AndroidManifest.xml:11:22-77
uses-permission#android.permission.INTERNET
ADDED from testGam\android\AndroidManifest.xml:12:5-66
	android:name
		ADDED from testGam\android\AndroidManifest.xml:12:22-64
application
ADDED from testGam\android\AndroidManifest.xml:14:5-62:19
MERGED from [com.android.support.constraint:constraint-layout:1.0.2] AndroidManifest.xml:9:5-20
	android:label
		ADDED from testGam\android\AndroidManifest.xml:17:9-41
	android:allowBackup
		ADDED from testGam\android\AndroidManifest.xml:15:9-35
	android:icon
		ADDED from testGam\android\AndroidManifest.xml:16:9-45
	android:theme
		ADDED from testGam\android\AndroidManifest.xml:18:9-40
activity#com.mygdx.game.AndroidLauncher
ADDED from testGam\android\AndroidManifest.xml:19:9-31:20
	android:screenOrientation
		ADDED from testGam\android\AndroidManifest.xml:23:13-50
	android:label
		ADDED from testGam\android\AndroidManifest.xml:22:13-45
	android:configChanges
		ADDED from testGam\android\AndroidManifest.xml:21:13-83
	android:name
		ADDED from testGam\android\AndroidManifest.xml:20:13-44
activity#com.mygdx.game.HomeActivity
ADDED from testGam\android\AndroidManifest.xml:32:9-36:20
	android:screenOrientation
		ADDED from testGam\android\AndroidManifest.xml:35:13-50
	android:label
		ADDED from testGam\android\AndroidManifest.xml:34:13-56
	android:name
		ADDED from testGam\android\AndroidManifest.xml:33:13-41
activity#com.mygdx.game.LoginActivity
ADDED from testGam\android\AndroidManifest.xml:37:9-47:20
	android:screenOrientation
		ADDED from testGam\android\AndroidManifest.xml:40:13-50
	android:label
		ADDED from testGam\android\AndroidManifest.xml:39:13-57
	android:name
		ADDED from testGam\android\AndroidManifest.xml:38:13-42
intent-filter#android.intent.action.MAIN+android.intent.category.DEFAULT+android.intent.category.LAUNCHER
ADDED from testGam\android\AndroidManifest.xml:41:13-46:29
action#android.intent.action.MAIN
ADDED from testGam\android\AndroidManifest.xml:42:17-68
	android:name
		ADDED from testGam\android\AndroidManifest.xml:42:25-66
category#android.intent.category.DEFAULT
ADDED from testGam\android\AndroidManifest.xml:44:17-75
	android:name
		ADDED from testGam\android\AndroidManifest.xml:44:27-73
category#android.intent.category.LAUNCHER
ADDED from testGam\android\AndroidManifest.xml:45:17-76
	android:name
		ADDED from testGam\android\AndroidManifest.xml:45:27-74
activity#com.mygdx.game.UserAreaActivity
ADDED from testGam\android\AndroidManifest.xml:48:9-52:20
	android:screenOrientation
		ADDED from testGam\android\AndroidManifest.xml:51:13-50
	android:label
		ADDED from testGam\android\AndroidManifest.xml:50:13-61
	android:name
		ADDED from testGam\android\AndroidManifest.xml:49:13-45
activity#com.mygdx.game.RegisterActivity
ADDED from testGam\android\AndroidManifest.xml:53:9-57:20
	android:screenOrientation
		ADDED from testGam\android\AndroidManifest.xml:56:13-50
	android:label
		ADDED from testGam\android\AndroidManifest.xml:55:13-60
	android:name
		ADDED from testGam\android\AndroidManifest.xml:54:13-45
activity#com.mygdx.game.AdminHomeActivity
ADDED from testGam\android\AndroidManifest.xml:58:9-61:20
	android:label
		ADDED from testGam\android\AndroidManifest.xml:60:13-62
	android:name
		ADDED from testGam\android\AndroidManifest.xml:59:13-46